Determining if the pthread_create exist failed with the following output:
Change Dir: /home/matecapo67/Documents/Facultad/2021 1er cuatri/Taller de Programacion/taller-tpFinal-1c2021/build/CMakeFiles/CMakeTmp

Run Build Command:"/usr/bin/make" "cmTC_d94ac/fast"
/usr/bin/make -f CMakeFiles/cmTC_d94ac.dir/build.make CMakeFiles/cmTC_d94ac.dir/build
make[1]: Entering directory '/home/matecapo67/Documents/Facultad/2021 1er cuatri/Taller de Programacion/taller-tpFinal-1c2021/build/CMakeFiles/CMakeTmp'
Building C object CMakeFiles/cmTC_d94ac.dir/CheckSymbolExists.c.o
/usr/bin/cc    -o CMakeFiles/cmTC_d94ac.dir/CheckSymbolExists.c.o   -c "/home/matecapo67/Documents/Facultad/2021 1er cuatri/Taller de Programacion/taller-tpFinal-1c2021/build/CMakeFiles/CMakeTmp/CheckSymbolExists.c"
Linking C executable cmTC_d94ac
/usr/bin/cmake -E cmake_link_script CMakeFiles/cmTC_d94ac.dir/link.txt --verbose=1
/usr/bin/cc      CMakeFiles/cmTC_d94ac.dir/CheckSymbolExists.c.o  -o cmTC_d94ac 
CMakeFiles/cmTC_d94ac.dir/CheckSymbolExists.c.o: In function `main':
CheckSymbolExists.c:(.text+0x1b): undefined reference to `pthread_create'
collect2: error: ld returned 1 exit status
CMakeFiles/cmTC_d94ac.dir/build.make:97: recipe for target 'cmTC_d94ac' failed
make[1]: *** [cmTC_d94ac] Error 1
make[1]: Leaving directory '/home/matecapo67/Documents/Facultad/2021 1er cuatri/Taller de Programacion/taller-tpFinal-1c2021/build/CMakeFiles/CMakeTmp'
Makefile:126: recipe for target 'cmTC_d94ac/fast' failed
make: *** [cmTC_d94ac/fast] Error 2

File /home/matecapo67/Documents/Facultad/2021 1er cuatri/Taller de Programacion/taller-tpFinal-1c2021/build/CMakeFiles/CMakeTmp/CheckSymbolExists.c:
/* */
#include <pthread.h>

int main(int argc, char** argv)
{
  (void)argv;
#ifndef pthread_create
  return ((int*)(&pthread_create))[argc];
#else
  (void)argc;
  return 0;
#endif
}

Determining if the function pthread_create exists in the pthreads failed with the following output:
Change Dir: /home/matecapo67/Documents/Facultad/2021 1er cuatri/Taller de Programacion/taller-tpFinal-1c2021/build/CMakeFiles/CMakeTmp

Run Build Command:"/usr/bin/make" "cmTC_1f12f/fast"
/usr/bin/make -f CMakeFiles/cmTC_1f12f.dir/build.make CMakeFiles/cmTC_1f12f.dir/build
make[1]: Entering directory '/home/matecapo67/Documents/Facultad/2021 1er cuatri/Taller de Programacion/taller-tpFinal-1c2021/build/CMakeFiles/CMakeTmp'
Building C object CMakeFiles/cmTC_1f12f.dir/CheckFunctionExists.c.o
/usr/bin/cc   -DCHECK_FUNCTION_EXISTS=pthread_create   -o CMakeFiles/cmTC_1f12f.dir/CheckFunctionExists.c.o   -c /usr/share/cmake-3.10/Modules/CheckFunctionExists.c
Linking C executable cmTC_1f12f
/usr/bin/cmake -E cmake_link_script CMakeFiles/cmTC_1f12f.dir/link.txt --verbose=1
/usr/bin/cc  -DCHECK_FUNCTION_EXISTS=pthread_create    CMakeFiles/cmTC_1f12f.dir/CheckFunctionExists.c.o  -o cmTC_1f12f -lpthreads 
/usr/bin/ld: cannot find -lpthreads
collect2: error: ld returned 1 exit status
CMakeFiles/cmTC_1f12f.dir/build.make:97: recipe for target 'cmTC_1f12f' failed
make[1]: *** [cmTC_1f12f] Error 1
make[1]: Leaving directory '/home/matecapo67/Documents/Facultad/2021 1er cuatri/Taller de Programacion/taller-tpFinal-1c2021/build/CMakeFiles/CMakeTmp'
Makefile:126: recipe for target 'cmTC_1f12f/fast' failed
make: *** [cmTC_1f12f/fast] Error 2


